<?xml version="1.0" encoding="UTF-8"?>
<!-- Generated by org.testng.reporters.JUnitXMLReporter -->
<testsuite hostname="LAPTOP-TASUHUEE" failures="0" tests="4" name="Nopackage" time="123.674" errors="0" timestamp="11 May 2023 11:11:02 GMT">
  <testcase classname="com.hrms.testscript.testng.TC_002_WD_TNG" name="tc001" time="18.364"/>
  <testcase classname="com.hrms.testscript.testng.TC_002_WD_TNG" name="tc002" time="27.812"/>
  <testcase classname="com.hrms.testscript.testng.TC_002_WD_TNG" name="tc003" time="45.984"/>
  <testcase classname="com.hrms.testscript.testng.TC_002_WD_TNG" name="tc004" time="31.506"/>
</testsuite> <!-- Nopackage -->
