<?xml version="1.0" encoding="UTF-8"?>
<!-- Generated by org.testng.reporters.JUnitXMLReporter -->
<testsuite hostname="LAPTOP-TASUHUEE" failures="0" tests="4" name="Nopackage" time="124.137" errors="0" timestamp="11 May 2023 12:11:02 GMT">
  <testcase classname="com.hrms.testscript.testng.TC_002_WD_TNG" name="tc001" time="17.602"/>
  <testcase classname="com.hrms.testscript.testng.TC_002_WD_TNG" name="tc002" time="27.393"/>
  <testcase classname="com.hrms.testscript.testng.TC_002_WD_TNG" name="tc003" time="47.496"/>
  <testcase classname="com.hrms.testscript.testng.TC_002_WD_TNG" name="tc004" time="31.636"/>
</testsuite> <!-- Nopackage -->
